SF:lib/repo_list/model/repository_model.dart
DA:5,1
DA:7,0
DA:8,0
DA:24,1
DA:36,0
DA:37,0
DA:38,0
DA:39,0
DA:40,0
DA:41,0
DA:42,0
DA:43,0
DA:44,0
DA:45,0
DA:46,0
DA:47,0
LF:16
LH:2
end_of_record
SF:lib/repo_list/model/user_model.dart
DA:7,1
DA:13,0
DA:14,0
DA:15,0
DA:16,0
DA:17,0
DA:18,0
LF:7
LH:1
end_of_record
SF:lib/repo_detail/model/commit_model.dart
DA:13,1
DA:24,0
DA:25,0
DA:26,0
DA:29,0
DA:30,0
DA:31,0
DA:32,0
DA:34,0
DA:35,0
DA:36,0
DA:37,0
DA:38,0
DA:39,0
DA:41,0
DA:42,0
DA:43,0
LF:17
LH:1
end_of_record
